<?xml version="1.0" encoding="UTF-8" ?>
<testsuite failures="0" time="0.344" errors="0" skipped="4" tests="5" name="RunCukesTest">
  <properties>
[...]
</properties>
  <testcase time="0.001" classname="Scenario: a few cukes" name="Given I have 42 cukes in my belly">
    <skipped/>
  </testcase>
  <testcase time="0.003" classname="Scenario: a few cukes" name="When I wait 1 hour">
    <skipped/>
  </testcase>
  <testcase time="0.003" classname="Scenario: a few cukes" name="Then my belly should growl">
    <skipped/>
  </testcase>
  <testcase time="0.003" classname="Scenario: a few cukes" name="Scenario: a few cukes">
    <skipped/>
  </testcase>
  <testcase time="0.004" classname="Scenario: a few cukes" name="Scenario: a few cukes"/>
</testsuite>